<?xml version="1.0" encoding="UTF-8"?>
<!-- Generated by org.testng.reporters.JUnitReportReporter -->
<testsuite hostname="GEVW59D07RA24FU" name="com.zs.auto.day08_1031.login.LoginTest" tests="6" failures="0" timestamp="4 Nov 2019 12:50:31 GMT" time="8.253" errors="0">
  <testcase name="login_fail_case" time="0.402" classname="com.zs.auto.day08_1031.login.LoginTest"/>
  <testcase name="login_fail_case" time="0.425" classname="com.zs.auto.day08_1031.login.LoginTest"/>
  <testcase name="login_fail_case" time="0.403" classname="com.zs.auto.day08_1031.login.LoginTest"/>
  <testcase name="login_fail_case" time="6.305" classname="com.zs.auto.day08_1031.login.LoginTest"/>
  <testcase name="login_fail_case" time="0.359" classname="com.zs.auto.day08_1031.login.LoginTest"/>
  <testcase name="login_fail_case" time="0.359" classname="com.zs.auto.day08_1031.login.LoginTest"/>
</testsuite> <!-- com.zs.auto.day08_1031.login.LoginTest -->
