<?xml version="1.0" encoding="UTF-8"?>
<!-- Generated by org.testng.reporters.JUnitReportReporter -->
<testsuite hostname="GEVW59D07RA24FU" name="com.zs.auto.day06_1026.section2.register.RegisterTest" tests="7" failures="0" timestamp="28 Oct 2019 17:56:12 GMT" time="4.988" errors="0">
  <testcase name="case_test" time="0.731" classname="com.zs.auto.day06_1026.section2.register.RegisterTest"/>
  <testcase name="case_test" time="0.696" classname="com.zs.auto.day06_1026.section2.register.RegisterTest"/>
  <testcase name="case_test" time="0.759" classname="com.zs.auto.day06_1026.section2.register.RegisterTest"/>
  <testcase name="case_test" time="0.736" classname="com.zs.auto.day06_1026.section2.register.RegisterTest"/>
  <testcase name="case_test" time="0.777" classname="com.zs.auto.day06_1026.section2.register.RegisterTest"/>
  <testcase name="case_test" time="0.674" classname="com.zs.auto.day06_1026.section2.register.RegisterTest"/>
  <testcase name="case_test" time="0.615" classname="com.zs.auto.day06_1026.section2.register.RegisterTest"/>
</testsuite> <!-- com.zs.auto.day06_1026.section2.register.RegisterTest -->
