<?xml version="1.0" encoding="UTF-8"?>
<!-- Generated by org.testng.reporters.JUnitReportReporter -->
<testsuite hostname="GEVW59D07RA24FU" name="com.zs.auto.day07_1029.login.LoginTest" tests="7" failures="0" timestamp="1 Nov 2019 11:26:30 GMT" time="10.428" errors="0">
  <testcase name="login_fail_case" time="0.585" classname="com.zs.auto.day07_1029.login.LoginTest"/>
  <testcase name="login_fail_case" time="0.440" classname="com.zs.auto.day07_1029.login.LoginTest"/>
  <testcase name="login_success_case" time="1.582" classname="com.zs.auto.day07_1029.login.LoginTest"/>
  <testcase name="login_fail_case" time="6.516" classname="com.zs.auto.day07_1029.login.LoginTest"/>
  <testcase name="login_fail_case" time="0.455" classname="com.zs.auto.day07_1029.login.LoginTest"/>
  <testcase name="login_fail_case" time="0.399" classname="com.zs.auto.day07_1029.login.LoginTest"/>
  <testcase name="login_fail_case" time="0.451" classname="com.zs.auto.day07_1029.login.LoginTest"/>
</testsuite> <!-- com.zs.auto.day07_1029.login.LoginTest -->
